
=== Mon Sep  6 02:56:18 2021

Packages were changed.
Update Mode: mergeDefaultDependencies

The following packages were added:
  com.unity.collab-proxy@1.2.16
  com.unity.ide.rider@1.2.1
  com.unity.ide.vscode@1.2.3
  com.unity.modules.ai@1.0.0
  com.unity.modules.androidjni@1.0.0
  com.unity.modules.animation@1.0.0
  com.unity.modules.assetbundle@1.0.0
  com.unity.modules.audio@1.0.0
  com.unity.modules.cloth@1.0.0
  com.unity.modules.director@1.0.0
  com.unity.modules.imageconversion@1.0.0
  com.unity.modules.imgui@1.0.0
  com.unity.modules.jsonserialize@1.0.0
  com.unity.modules.particlesystem@1.0.0
  com.unity.modules.physics@1.0.0
  com.unity.modules.physics2d@1.0.0
  com.unity.modules.screencapture@1.0.0
  com.unity.modules.terrain@1.0.0
  com.unity.modules.terrainphysics@1.0.0
  com.unity.modules.tilemap@1.0.0
  com.unity.modules.ui@1.0.0
  com.unity.modules.uielements@1.0.0
  com.unity.modules.umbra@1.0.0
  com.unity.modules.unityanalytics@1.0.0
  com.unity.modules.unitywebrequest@1.0.0
  com.unity.modules.unitywebrequestassetbundle@1.0.0
  com.unity.modules.unitywebrequestaudio@1.0.0
  com.unity.modules.unitywebrequesttexture@1.0.0
  com.unity.modules.unitywebrequestwww@1.0.0
  com.unity.modules.vehicles@1.0.0
  com.unity.modules.video@1.0.0
  com.unity.modules.vr@1.0.0
  com.unity.modules.wind@1.0.0
  com.unity.modules.xr@1.0.0
  com.unity.test-framework@1.1.24
  com.unity.textmeshpro@2.1.4
  com.unity.timeline@1.2.18
  com.unity.ugui@1.0.0

=== Mon Sep  6 02:57:31 2021

Packages were changed.
Update Mode: updateDependencies

The following packages were added:
  com.unity.ide.visualstudio@2.0.9
The following packages were updated:
  com.unity.collab-proxy from version 1.2.16 to 1.5.7
  com.unity.ide.rider from version 1.2.1 to 3.0.7
  com.unity.test-framework from version 1.1.24 to 1.1.27
  com.unity.textmeshpro from version 2.1.4 to 3.0.6
  com.unity.timeline from version 1.2.18 to 1.5.5

=== Tue Oct 19 00:52:49 2021

Packages were changed.
Update Mode: updateDependencies

The following packages were 更新済:
  com.unity.collab-proxy をバージョン 1.5.7 から 1.11.2 へ

=== Wed Nov 10 02:50:10 2021

Packages were changed.
Update Mode: updateDependencies

The following packages were 更新済:
  com.unity.collab-proxy をバージョン 1.11.2 から 1.13.5 へ
  com.unity.timeline をバージョン 1.5.6 から 1.6.2 へ

=== Fri Nov 19 06:58:25 2021

Packages were changed.
Update Mode: updateDependencies

The following packages were 更新済:
  com.unity.collab-proxy をバージョン 1.13.5 から 1.15.1 へ

=== Sun Dec  5 09:32:52 2021

Packages were changed.
Update Mode: updateDependencies

The following packages were 更新済:
  com.unity.xr.management をバージョン 4.1.0 から 4.2.0 へ
  com.unity.xr.openxr をバージョン 1.2.8 から 1.3.0 へ

=== Tue Feb 22 10:32:32 2022

Packages were changed.
Update Mode: updateDependencies

The following packages were 更新済:
  com.unity.ide.rider をバージョン 3.0.7 から 3.0.9 へ
  com.unity.ide.visualstudio をバージョン 2.0.12 から 2.0.14 へ
  com.unity.xr.openxr をバージョン 1.3.0 から 1.3.1 へ

=== Thu Jun 23 02:14:43 2022

Packages were changed.
Update Mode: updateDependencies

The following packages were 更新済:
  com.unity.collab-proxy をバージョン 1.15.7 から 1.15.17 へ
  com.unity.ide.rider をバージョン 3.0.9 から 3.0.14 へ
  com.unity.ide.visualstudio をバージョン 2.0.14 から 2.0.15 へ
  com.unity.ide.vscode をバージョン 1.2.4 から 1.2.5 へ
  com.unity.test-framework をバージョン 1.1.30 から 1.1.31 へ
  com.unity.timeline をバージョン 1.6.3 から 1.6.4 へ
  com.unity.xr.openxr をバージョン 1.3.1 から 1.4.2 へ

=== Thu Jun 23 08:22:23 2022

Packages were changed.
Update Mode: updateDependencies

The following packages were 更新済:
  com.unity.collab-proxy をバージョン 1.15.17 から 1.15.18 へ

=== Sat Jul  9 19:31:16 2022

Packages were changed.
Update Mode: updateDependencies

The following packages were 更新済:
  com.unity.timeline をバージョン 1.6.4 から 1.7.1 へ

=== Sun Aug 14 23:55:14 2022

Packages were changed.
Update Mode: updateDependencies

The following packages were 更新済:
  com.unity.collab-proxy をバージョン 1.15.18 から 1.17.1 へ

=== Tue Aug 30 06:10:29 2022

Packages were changed.
Update Mode: updateDependencies

The following packages were 更新済:
  com.unity.test-framework をバージョン 1.1.31 から 1.1.33 へ

=== Sat Sep  3 20:38:46 2022

Packages were changed.
Update Mode: updateDependencies

The following packages were 更新済:
  com.unity.collab-proxy をバージョン 1.17.1 から 1.17.2 へ

=== Tue Dec 13 17:57:07 2022

Packages were changed.
Update Mode: updateDependencies

The following packages were 追加済:
  com.unity.ai.navigation@1.1.1
The following packages were 更新済:
  com.unity.collab-proxy をバージョン 1.17.6 から 1.17.7 へ
  com.unity.xr.openxr をバージョン 1.4.2 から 1.5.3 へ

=== Wed Feb  1 00:08:33 2023

Packages were changed.
Update Mode: updateDependencies

The following packages were 更新済:
  com.unity.collab-proxy をバージョン 1.17.7 から 2.0.0 へ
  com.unity.ide.rider をバージョン 3.0.17 から 3.0.18 へ
  com.unity.xr.openxr をバージョン 1.5.3 から 1.6.0 へ

=== Wed Mar 15 21:41:04 2023

Packages were changed.
Update Mode: updateDependencies

The following packages were 更新済:
  com.unity.timeline をバージョン 1.7.2 から 1.7.3 へ

=== Sun Apr 23 23:45:03 2023

Packages were changed.
Update Mode: updateDependencies

The following packages were 更新済:
  com.unity.collab-proxy をバージョン 2.0.0 から 2.0.3 へ
  com.unity.timeline をバージョン 1.7.3 から 1.7.4 へ
  com.unity.xr.management をバージョン 4.2.1 から 4.3.3 へ
  com.unity.xr.openxr をバージョン 1.6.0 から 1.7.0 へ
